<?xml version="1.0" encoding="UTF-8"?>
<!-- Generated by org.testng.reporters.JUnitReportReporter -->
<testsuite hostname="LAPTOP-V8R4UGA8" failures="0" tests="6" name="com.nopcommerce.register.Register_Account" time="11.122" errors="0" timestamp="04 Sep 2022 04:27:24 GMT" skipped="0">
  <testcase classname="com.nopcommerce.register.Register_Account" name="Register_04_ConfirmPassword_Not_Match_With_Password" time="2.389"/>
  <testcase classname="com.nopcommerce.register.Register_Account" name="Register_02_Invalid_Email" time="1.925"/>
  <testcase classname="com.nopcommerce.register.Register_Account" name="Register_03_Password_less_than_6_characters" time="1.890"/>
  <testcase classname="com.nopcommerce.register.Register_Account" name="Register_01_Leave_All_Fields_Blank" time="0.616"/>
  <testcase classname="com.nopcommerce.register.Register_Account" name="Register_05_Register_Success" time="2.409"/>
  <testcase classname="com.nopcommerce.register.Register_Account" name="Register_06_Email_Already_Registed" time="1.893"/>
</testsuite> <!-- com.nopcommerce.register.Register_Account -->
