<?xml version="1.0" encoding="UTF-8"?>
<!-- Generated by org.testng.reporters.JUnitReportReporter -->
<testsuite hostname="LAPTOP-V8R4UGA8" failures="0" tests="6" name="com.nopcommerce.login.Login_Account" time="5.608" errors="0" timestamp="05 Sep 2022 15:13:40 GMT" skipped="0">
  <testcase classname="com.nopcommerce.login.Login_Account" name="Login_05_Input_Incorrect_Password" time="0.539"/>
  <testcase classname="com.nopcommerce.login.Login_Account" name="Login_02_Invalid_Email" time="1.640"/>
  <testcase classname="com.nopcommerce.login.Login_Account" name="Login_04_Leave_Password_Blank" time="0.474"/>
  <testcase classname="com.nopcommerce.login.Login_Account" name="Login_01_Leave_All_Fields_Empty" time="0.291"/>
  <testcase classname="com.nopcommerce.login.Login_Account" name="Login_06_Login_Success" time="0.885"/>
  <testcase classname="com.nopcommerce.login.Login_Account" name="Login_03_Email_Not_Registered" time="1.779"/>
</testsuite> <!-- com.nopcommerce.login.Login_Account -->
