<?xml version="1.0" encoding="UTF-8"?>
<!-- Generated by org.testng.reporters.JUnitReportReporter -->
<testsuite hostname="LAPTOP-V8R4UGA8" failures="0" tests="6" name="com.nopcommerce.login.Login_Account" time="4.321" errors="0" timestamp="04 Sep 2022 04:27:24 GMT" skipped="0">
  <testcase classname="com.nopcommerce.login.Login_Account" name="Login_06_Login_Success" time="0.774"/>
  <testcase classname="com.nopcommerce.login.Login_Account" name="Login_03_Email_Not_Registered" time="1.503"/>
  <testcase classname="com.nopcommerce.login.Login_Account" name="Login_01_Leave_All_Fields_Empty" time="0.291"/>
  <testcase classname="com.nopcommerce.login.Login_Account" name="Login_05_Input_Incorrect_Password" time="0.490"/>
  <testcase classname="com.nopcommerce.login.Login_Account" name="Login_02_Invalid_Email" time="0.826"/>
  <testcase classname="com.nopcommerce.login.Login_Account" name="Login_04_Leave_Password_Blank" time="0.437"/>
</testsuite> <!-- com.nopcommerce.login.Login_Account -->
