<?xml version="1.0" encoding="UTF-8"?>
<!-- Generated by org.testng.reporters.JUnitReportReporter -->
<testsuite skipped="0" hostname="LAPTOP-V8R4UGA8" name="com.nopcommerce.login.Login_Account" tests="6" failures="0" timestamp="04 Sep 2022 07:03:54 GMT" time="6.275" errors="0">
  <testcase name="Login_01_Leave_All_Fields_Empty" time="0.378" classname="com.nopcommerce.login.Login_Account"/>
  <testcase name="Login_04_Leave_Password_Blank" time="0.590" classname="com.nopcommerce.login.Login_Account"/>
  <testcase name="Login_02_Invalid_Email" time="1.630" classname="com.nopcommerce.login.Login_Account"/>
  <testcase name="Login_05_Input_Incorrect_Password" time="0.752" classname="com.nopcommerce.login.Login_Account"/>
  <testcase name="Login_06_Login_Success" time="1.113" classname="com.nopcommerce.login.Login_Account"/>
  <testcase name="Login_03_Email_Not_Registered" time="1.812" classname="com.nopcommerce.login.Login_Account"/>
</testsuite> <!-- com.nopcommerce.login.Login_Account -->
