<?xml version="1.0" encoding="UTF-8"?>
<!-- Generated by org.testng.reporters.JUnitReportReporter -->
<testsuite skipped="0" hostname="LAPTOP-V8R4UGA8" name="com.nopcommerce.register.Register_Account" tests="6" failures="0" timestamp="05 Sep 2022 15:17:01 GMT" time="13.245" errors="0">
  <testcase name="Register_04_ConfirmPassword_Not_Match_With_Password" time="3.149" classname="com.nopcommerce.register.Register_Account"/>
  <testcase name="Register_03_Password_less_than_6_characters" time="1.819" classname="com.nopcommerce.register.Register_Account"/>
  <testcase name="Register_02_Invalid_Email" time="1.793" classname="com.nopcommerce.register.Register_Account"/>
  <testcase name="Register_01_Leave_All_Fields_Blank" time="0.557" classname="com.nopcommerce.register.Register_Account"/>
  <testcase name="Register_05_Register_Success" time="3.228" classname="com.nopcommerce.register.Register_Account"/>
  <testcase name="Register_06_Email_Already_Registed" time="2.699" classname="com.nopcommerce.register.Register_Account"/>
</testsuite> <!-- com.nopcommerce.register.Register_Account -->
